<?xml version="1.0" encoding="UTF-8"?>
<!-- Generated by org.testng.reporters.JUnitXMLReporter -->
<testsuite ignored="0" hostname="Tarunavya" failures="0" tests="10" name="test repoter" time="98.311" errors="0" timestamp="2024-04-07T17:53:00 IST">
  <testcase classname="mar03.Before_test_after_test01" name="cbanking" time="0.017"/>
  <testcase classname="mar03.Before_test_after_test01" name="ibanking" time="0.014"/>
  <testcase classname="mar03.Before_test_after_test01" name="pbanking" time="0.011"/>
  <testcase classname="mar03.Test_ng_2" name="leave" time="1.002"/>
  <testcase classname="mar03.Test_ng_2" name="pim" time="2.188"/>
  <testcase classname="mar03.Test_ng_2" name="admin" time="1.448"/>
  <testcase classname="mar03.Test_ng_2" name="admin" time="1.848"/>
  <testcase classname="mar03.Test_ng_2" name="admin" time="1.74"/>
  <testcase classname="mar03.Test_ng_2" name="admin" time="2.265"/>
  <testcase classname="mar03.Test_ng_2" name="admin" time="3.935"/>
</testsuite> <!-- test repoter -->
