<?xml version="1.0" encoding="UTF-8"?>
<!-- Generated by org.testng.reporters.JUnitXMLReporter -->
<testsuite ignored="0" hostname="Tarunavya" failures="0" tests="5" name="Chrometest" time="7.66" errors="0" timestamp="2024-04-07T18:10:40 IST">
  <testcase classname="apr05.Cross_browsering_testing" name="verify_login" time="2.213"/>
  <testcase classname="apr05.Cross_browsering_testing" name="verify_login" time="1.056"/>
  <testcase classname="apr05.Cross_browsering_testing" name="verify_login" time="1.077"/>
  <testcase classname="apr05.Cross_browsering_testing" name="verify_login" time="0.457"/>
  <testcase classname="apr05.Cross_browsering_testing" name="verify_login" time="0.964"/>
</testsuite> <!-- Chrometest -->
