<?xml version="1.0" encoding="UTF-8"?>
<!-- Generated by org.testng.reporters.JUnitXMLReporter -->
<testsuite ignored="0" hostname="Tarunavya" failures="0" tests="5" name="firefoxtest" time="8.402" errors="0" timestamp="2024-04-07T18:10:49 IST">
  <testcase classname="apr05.Cross_browsering_testing" name="verify_login" time="2.084"/>
  <testcase classname="apr05.Cross_browsering_testing" name="verify_login" time="1.206"/>
  <testcase classname="apr05.Cross_browsering_testing" name="verify_login" time="0.785"/>
  <testcase classname="apr05.Cross_browsering_testing" name="verify_login" time="0.379"/>
  <testcase classname="apr05.Cross_browsering_testing" name="verify_login" time="0.79"/>
</testsuite> <!-- firefoxtest -->
