<?xml version="1.0" encoding="UTF-8"?>
<testng-results ignored="0" total="1" passed="1" failed="0" skipped="0">
  <reporter-output>
  </reporter-output>
  <suite started-at="2024-04-07T18:48:02 IST" name="Default suite" finished-at="2024-04-07T18:48:05 IST" duration-ms="3059">
    <groups>
    </groups>
    <test started-at="2024-04-07T18:48:02 IST" name="Default test" finished-at="2024-04-07T18:48:05 IST" duration-ms="3059">
      <class name="apr05.Assert_false">
        <test-method signature="starTest()[pri:0, instance:apr05.Assert_false@2accdbb5]" started-at="2024-04-07T18:48:02 IST" name="starTest" finished-at="2024-04-07T18:48:05 IST" duration-ms="3029" status="PASS">
          <reporter-output>
          </reporter-output>
        </test-method> <!-- starTest -->
      </class> <!-- apr05.Assert_false -->
    </test> <!-- Default test -->
  </suite> <!-- Default suite -->
</testng-results>
